c:\users\tbales\source\repos\cgspectrum_projects\cgspectrum_projects\mazegame\4 project - with level progression\project\x64\release\vc142.pdb
c:\users\tbales\source\repos\cgspectrum_projects\cgspectrum_projects\mazegame\4 project - with level progression\project\x64\release\winstate.obj
c:\users\tbales\source\repos\cgspectrum_projects\cgspectrum_projects\mazegame\4 project - with level progression\project\x64\release\statemachineexamplegame.obj
c:\users\tbales\source\repos\cgspectrum_projects\cgspectrum_projects\mazegame\4 project - with level progression\project\x64\release\settingsstate.obj
c:\users\tbales\source\repos\cgspectrum_projects\cgspectrum_projects\mazegame\4 project - with level progression\project\x64\release\project.obj
c:\users\tbales\source\repos\cgspectrum_projects\cgspectrum_projects\mazegame\4 project - with level progression\project\x64\release\player.obj
c:\users\tbales\source\repos\cgspectrum_projects\cgspectrum_projects\mazegame\4 project - with level progression\project\x64\release\placableactor.obj
c:\users\tbales\source\repos\cgspectrum_projects\cgspectrum_projects\mazegame\4 project - with level progression\project\x64\release\money.obj
c:\users\tbales\source\repos\cgspectrum_projects\cgspectrum_projects\mazegame\4 project - with level progression\project\x64\release\mainmenustate.obj
c:\users\tbales\source\repos\cgspectrum_projects\cgspectrum_projects\mazegame\4 project - with level progression\project\x64\release\losestate.obj
c:\users\tbales\source\repos\cgspectrum_projects\cgspectrum_projects\mazegame\4 project - with level progression\project\x64\release\level.obj
c:\users\tbales\source\repos\cgspectrum_projects\cgspectrum_projects\mazegame\4 project - with level progression\project\x64\release\key.obj
c:\users\tbales\source\repos\cgspectrum_projects\cgspectrum_projects\mazegame\4 project - with level progression\project\x64\release\highscorestate.obj
c:\users\tbales\source\repos\cgspectrum_projects\cgspectrum_projects\mazegame\4 project - with level progression\project\x64\release\goal.obj
c:\users\tbales\source\repos\cgspectrum_projects\cgspectrum_projects\mazegame\4 project - with level progression\project\x64\release\gameplaystate.obj
c:\users\tbales\source\repos\cgspectrum_projects\cgspectrum_projects\mazegame\4 project - with level progression\project\x64\release\game.obj
c:\users\tbales\source\repos\cgspectrum_projects\cgspectrum_projects\mazegame\4 project - with level progression\project\x64\release\enemy.obj
c:\users\tbales\source\repos\cgspectrum_projects\cgspectrum_projects\mazegame\4 project - with level progression\project\x64\release\door.obj
c:\users\tbales\source\repos\cgspectrum_projects\cgspectrum_projects\mazegame\4 project - with level progression\project\x64\release\box.obj
c:\users\tbales\source\repos\cgspectrum_projects\cgspectrum_projects\mazegame\4 project - with level progression\project\x64\release\audiomanager.obj
c:\users\tbales\source\repos\cgspectrum_projects\cgspectrum_projects\mazegame\4 project - with level progression\x64\release\project.exe
c:\users\tbales\source\repos\cgspectrum_projects\cgspectrum_projects\mazegame\4 project - with level progression\project\x64\release\project.ipdb
c:\users\tbales\source\repos\cgspectrum_projects\cgspectrum_projects\mazegame\4 project - with level progression\project\x64\release\project.iobj
c:\users\tbales\source\repos\cgspectrum_projects\cgspectrum_projects\mazegame\4 project - with level progression\x64\release\project.pdb
c:\users\tbales\source\repos\cgspectrum_projects\cgspectrum_projects\mazegame\4 project - with level progression\project\x64\release\project.tlog\cl.command.1.tlog
c:\users\tbales\source\repos\cgspectrum_projects\cgspectrum_projects\mazegame\4 project - with level progression\project\x64\release\project.tlog\cl.read.1.tlog
c:\users\tbales\source\repos\cgspectrum_projects\cgspectrum_projects\mazegame\4 project - with level progression\project\x64\release\project.tlog\cl.write.1.tlog
c:\users\tbales\source\repos\cgspectrum_projects\cgspectrum_projects\mazegame\4 project - with level progression\project\x64\release\project.tlog\link.command.1.tlog
c:\users\tbales\source\repos\cgspectrum_projects\cgspectrum_projects\mazegame\4 project - with level progression\project\x64\release\project.tlog\link.read.1.tlog
c:\users\tbales\source\repos\cgspectrum_projects\cgspectrum_projects\mazegame\4 project - with level progression\project\x64\release\project.tlog\link.write.1.tlog
